<?xml version="1.0" encoding="UTF-8"?>
<testng-results skipped="0" failed="0" ignored="0" total="1" passed="1">
  <reporter-output>
  </reporter-output>
  <suite name="Default suite" duration-ms="37600" started-at="2021-09-15T19:03:08 IST" finished-at="2021-09-15T19:03:46 IST">
    <groups>
    </groups>
    <test name="Default test" duration-ms="37600" started-at="2021-09-15T19:03:08 IST" finished-at="2021-09-15T19:03:46 IST">
      <class name="usercreation_test.SearchUser">
        <test-method status="PASS" signature="openurl()[pri:0, instance:usercreation_test.SearchUser@2d6eabae]" name="openurl" is-config="true" duration-ms="34633" started-at="2021-09-15T19:03:08 IST" finished-at="2021-09-15T19:03:43 IST">
          <reporter-output>
          </reporter-output>
        </test-method> <!-- openurl -->
        <test-method status="PASS" signature="searchUser()[pri:0, instance:usercreation_test.SearchUser@2d6eabae]" name="searchUser" duration-ms="2850" started-at="2021-09-15T19:03:43 IST" finished-at="2021-09-15T19:03:46 IST">
          <reporter-output>
          </reporter-output>
        </test-method> <!-- searchUser -->
      </class> <!-- usercreation_test.SearchUser -->
    </test> <!-- Default test -->
  </suite> <!-- Default suite -->
</testng-results>
